c:\users\ankur\documents\visual studio 2013\projects\new folder\message\executiveserver\debug\vc120.pdb
c:\users\ankur\documents\visual studio 2013\projects\new folder\message\executiveserver\debug\vc120.idb
c:\users\ankur\documents\visual studio 2013\projects\new folder\message\executiveserver\debug\apphelpers.obj
c:\users\ankur\documents\visual studio 2013\projects\new folder\message\executiveserver\debug\dispatcher.obj
c:\users\ankur\documents\visual studio 2013\projects\new folder\message\executiveserver\debug\display.obj
c:\users\ankur\documents\visual studio 2013\projects\new folder\message\executiveserver\debug\filesystem.obj
c:\users\ankur\documents\visual studio 2013\projects\new folder\message\executiveserver\debug\message.obj
c:\users\ankur\documents\visual studio 2013\projects\new folder\message\executiveserver\debug\msgheader.obj
c:\users\ankur\documents\visual studio 2013\projects\new folder\message\executiveserver\debug\reciever.obj
c:\users\ankur\documents\visual studio 2013\projects\new folder\message\executiveserver\debug\sender.obj
c:\users\ankur\documents\visual studio 2013\projects\new folder\message\executiveserver\debug\sockets.obj
c:\users\ankur\documents\visual studio 2013\projects\new folder\message\executiveserver\debug\executiveserver.obj
c:\users\ankur\documents\visual studio 2013\projects\new folder\message\debug\executiveserver.ilk
c:\users\ankur\documents\visual studio 2013\projects\new folder\message\debug\executiveserver.exe
c:\users\ankur\documents\visual studio 2013\projects\new folder\message\debug\executiveserver.pdb
c:\users\ankur\documents\visual studio 2013\projects\new folder\message\executiveserver\debug\executiveserver.tlog\cl.command.1.tlog
c:\users\ankur\documents\visual studio 2013\projects\new folder\message\executiveserver\debug\executiveserver.tlog\cl.read.1.tlog
c:\users\ankur\documents\visual studio 2013\projects\new folder\message\executiveserver\debug\executiveserver.tlog\cl.write.1.tlog
c:\users\ankur\documents\visual studio 2013\projects\new folder\message\executiveserver\debug\executiveserver.tlog\link.command.1.tlog
c:\users\ankur\documents\visual studio 2013\projects\new folder\message\executiveserver\debug\executiveserver.tlog\link.read.1.tlog
c:\users\ankur\documents\visual studio 2013\projects\new folder\message\executiveserver\debug\executiveserver.tlog\link.write.1.tlog
