Build started 4/17/2015 9:55:27 PM.
     1>Project "C:\Users\Ankur\Pictures\PROJECT3_OOD_ANKUR_PANDEY\PROJECT3_OOD_ANKUR_PANDEY\PROJECT3_OOD_ANKUR_PANDEY\Message\Reciever\Reciever.vcxproj" on node 3 (Rebuild target(s)).
     1>ClCompile:
         C:\Program Files (x86)\Microsoft Visual Studio 12.0\VC\bin\CL.exe /c /ZI /nologo /W3 /WX- /sdl /Od /Oy- /D WIN32 /D _DEBUG /D _CONSOLE /D _LIB /D _UNICODE /D UNICODE /D TEST_RECIEVER /Gm /EHsc /RTC1 /MDd /GS /fp:precise /Zc:wchar_t /Zc:forScope /Fo"Debug\\" /Fd"Debug\vc120.pdb" /Gd /TP /analyze- /errorReport:prompt ..\ApplicationHelpers\AppHelpers.cpp ..\BlockingQueue\BlockingQueue.cpp ..\Dispatcher\Dispatcher.cpp ..\Display\Display.cpp ..\FileSystem\FileSystem.cpp ..\Message\Message.cpp ..\MsgHeader\MsgHeader.cpp ..\Sender\Sender.cpp ..\Sockets\Sockets.cpp ..\WindowsHelpers\WindowsHelpers.cpp Reciever.cpp
         Reciever.cpp
         WindowsHelpers.cpp
         Sockets.cpp
         Sender.cpp
         MsgHeader.cpp
         Message.cpp
         FileSystem.cpp
         Display.cpp
         Dispatcher.cpp
         BlockingQueue.cpp
         AppHelpers.cpp
         Generating Code...
       Link:
         C:\Program Files (x86)\Microsoft Visual Studio 12.0\VC\bin\link.exe /ERRORREPORT:PROMPT /OUT:"C:\Users\Ankur\Pictures\PROJECT3_OOD_ANKUR_PANDEY\PROJECT3_OOD_ANKUR_PANDEY\PROJECT3_OOD_ANKUR_PANDEY\Message\Debug\Reciever.exe" /INCREMENTAL /NOLOGO kernel32.lib user32.lib gdi32.lib winspool.lib comdlg32.lib advapi32.lib shell32.lib ole32.lib oleaut32.lib uuid.lib odbc32.lib odbccp32.lib /MANIFEST /MANIFESTUAC:"level='asInvoker' uiAccess='false'" /manifest:embed /DEBUG /PDB:"C:\Users\Ankur\Pictures\PROJECT3_OOD_ANKUR_PANDEY\PROJECT3_OOD_ANKUR_PANDEY\PROJECT3_OOD_ANKUR_PANDEY\Message\Debug\Reciever.pdb" /SUBSYSTEM:CONSOLE /TLBID:1 /DYNAMICBASE /NXCOMPAT /IMPLIB:"C:\Users\Ankur\Pictures\PROJECT3_OOD_ANKUR_PANDEY\PROJECT3_OOD_ANKUR_PANDEY\PROJECT3_OOD_ANKUR_PANDEY\Message\Debug\Reciever.lib" /MACHINE:X86 Debug\AppHelpers.obj
         Debug\BlockingQueue.obj
         Debug\Dispatcher.obj
         Debug\Display.obj
         Debug\FileSystem.obj
         Debug\Message.obj
         Debug\MsgHeader.obj
         Debug\Sender.obj
         Debug\Sockets.obj
         Debug\WindowsHelpers.obj
         Debug\Reciever.obj
         Reciever.vcxproj -> C:\Users\Ankur\Pictures\PROJECT3_OOD_ANKUR_PANDEY\PROJECT3_OOD_ANKUR_PANDEY\PROJECT3_OOD_ANKUR_PANDEY\Message\Debug\Reciever.exe
     1>Done Building Project "C:\Users\Ankur\Pictures\PROJECT3_OOD_ANKUR_PANDEY\PROJECT3_OOD_ANKUR_PANDEY\PROJECT3_OOD_ANKUR_PANDEY\Message\Reciever\Reciever.vcxproj" (Rebuild target(s)).

Build succeeded.

Time Elapsed 00:00:27.37
