c:\users\ankur\documents\visual studio 2013\projects\new folder\message\reciever\debug\vc120.pdb
c:\users\ankur\documents\visual studio 2013\projects\new folder\message\reciever\debug\vc120.idb
c:\users\ankur\documents\visual studio 2013\projects\new folder\message\reciever\debug\apphelpers.obj
c:\users\ankur\documents\visual studio 2013\projects\new folder\message\reciever\debug\blockingqueue.obj
c:\users\ankur\documents\visual studio 2013\projects\new folder\message\reciever\debug\dispatcher.obj
c:\users\ankur\documents\visual studio 2013\projects\new folder\message\reciever\debug\display.obj
c:\users\ankur\documents\visual studio 2013\projects\new folder\message\reciever\debug\filesystem.obj
c:\users\ankur\documents\visual studio 2013\projects\new folder\message\reciever\debug\message.obj
c:\users\ankur\documents\visual studio 2013\projects\new folder\message\reciever\debug\msgheader.obj
c:\users\ankur\documents\visual studio 2013\projects\new folder\message\reciever\debug\sender.obj
c:\users\ankur\documents\visual studio 2013\projects\new folder\message\reciever\debug\sockets.obj
c:\users\ankur\documents\visual studio 2013\projects\new folder\message\reciever\debug\windowshelpers.obj
c:\users\ankur\documents\visual studio 2013\projects\new folder\message\reciever\debug\reciever.obj
c:\users\ankur\documents\visual studio 2013\projects\new folder\message\debug\reciever.ilk
c:\users\ankur\documents\visual studio 2013\projects\new folder\message\debug\reciever.exe
c:\users\ankur\documents\visual studio 2013\projects\new folder\message\debug\reciever.pdb
c:\users\ankur\documents\visual studio 2013\projects\new folder\message\reciever\debug\reciever.tlog\cl.command.1.tlog
c:\users\ankur\documents\visual studio 2013\projects\new folder\message\reciever\debug\reciever.tlog\cl.read.1.tlog
c:\users\ankur\documents\visual studio 2013\projects\new folder\message\reciever\debug\reciever.tlog\cl.write.1.tlog
c:\users\ankur\documents\visual studio 2013\projects\new folder\message\reciever\debug\reciever.tlog\link.command.1.tlog
c:\users\ankur\documents\visual studio 2013\projects\new folder\message\reciever\debug\reciever.tlog\link.read.1.tlog
c:\users\ankur\documents\visual studio 2013\projects\new folder\message\reciever\debug\reciever.tlog\link.write.1.tlog
