c:\users\ankur\documents\visual studio 2013\projects\new folder\message\dispatcher\debug\vc120.pdb
c:\users\ankur\documents\visual studio 2013\projects\new folder\message\dispatcher\debug\vc120.idb
c:\users\ankur\documents\visual studio 2013\projects\new folder\message\dispatcher\debug\apphelpers.obj
c:\users\ankur\documents\visual studio 2013\projects\new folder\message\dispatcher\debug\display.obj
c:\users\ankur\documents\visual studio 2013\projects\new folder\message\dispatcher\debug\filesystem.obj
c:\users\ankur\documents\visual studio 2013\projects\new folder\message\dispatcher\debug\message.obj
c:\users\ankur\documents\visual studio 2013\projects\new folder\message\dispatcher\debug\msgheader.obj
c:\users\ankur\documents\visual studio 2013\projects\new folder\message\dispatcher\debug\reciever.obj
c:\users\ankur\documents\visual studio 2013\projects\new folder\message\dispatcher\debug\sender.obj
c:\users\ankur\documents\visual studio 2013\projects\new folder\message\dispatcher\debug\sockets.obj
c:\users\ankur\documents\visual studio 2013\projects\new folder\message\dispatcher\debug\dispatcher.obj
c:\users\ankur\documents\visual studio 2013\projects\new folder\message\debug\dispatcher.ilk
c:\users\ankur\documents\visual studio 2013\projects\new folder\message\debug\dispatcher.exe
c:\users\ankur\documents\visual studio 2013\projects\new folder\message\debug\dispatcher.pdb
c:\users\ankur\documents\visual studio 2013\projects\new folder\message\dispatcher\debug\dispatcher.tlog\cl.command.1.tlog
c:\users\ankur\documents\visual studio 2013\projects\new folder\message\dispatcher\debug\dispatcher.tlog\cl.read.1.tlog
c:\users\ankur\documents\visual studio 2013\projects\new folder\message\dispatcher\debug\dispatcher.tlog\cl.write.1.tlog
c:\users\ankur\documents\visual studio 2013\projects\new folder\message\dispatcher\debug\dispatcher.tlog\link.command.1.tlog
c:\users\ankur\documents\visual studio 2013\projects\new folder\message\dispatcher\debug\dispatcher.tlog\link.read.1.tlog
c:\users\ankur\documents\visual studio 2013\projects\new folder\message\dispatcher\debug\dispatcher.tlog\link.write.1.tlog
