c:\users\ankur\documents\visual studio 2013\projects\new folder\message\sender\debug\vc120.pdb
c:\users\ankur\documents\visual studio 2013\projects\new folder\message\sender\debug\vc120.idb
c:\users\ankur\documents\visual studio 2013\projects\new folder\message\sender\debug\apphelpers.obj
c:\users\ankur\documents\visual studio 2013\projects\new folder\message\sender\debug\blockingqueue.obj
c:\users\ankur\documents\visual studio 2013\projects\new folder\message\sender\debug\display.obj
c:\users\ankur\documents\visual studio 2013\projects\new folder\message\sender\debug\filesystem.obj
c:\users\ankur\documents\visual studio 2013\projects\new folder\message\sender\debug\message.obj
c:\users\ankur\documents\visual studio 2013\projects\new folder\message\sender\debug\msgheader.obj
c:\users\ankur\documents\visual studio 2013\projects\new folder\message\sender\debug\sockets.obj
c:\users\ankur\documents\visual studio 2013\projects\new folder\message\sender\debug\windowshelpers.obj
c:\users\ankur\documents\visual studio 2013\projects\new folder\message\sender\debug\sender.obj
c:\users\ankur\documents\visual studio 2013\projects\new folder\message\debug\sender.ilk
c:\users\ankur\documents\visual studio 2013\projects\new folder\message\debug\sender.exe
c:\users\ankur\documents\visual studio 2013\projects\new folder\message\debug\sender.pdb
c:\users\ankur\documents\visual studio 2013\projects\new folder\message\sender\debug\sender.tlog\cl.command.1.tlog
c:\users\ankur\documents\visual studio 2013\projects\new folder\message\sender\debug\sender.tlog\cl.read.1.tlog
c:\users\ankur\documents\visual studio 2013\projects\new folder\message\sender\debug\sender.tlog\cl.write.1.tlog
c:\users\ankur\documents\visual studio 2013\projects\new folder\message\sender\debug\sender.tlog\link.command.1.tlog
c:\users\ankur\documents\visual studio 2013\projects\new folder\message\sender\debug\sender.tlog\link.read.1.tlog
c:\users\ankur\documents\visual studio 2013\projects\new folder\message\sender\debug\sender.tlog\link.write.1.tlog
