c:\users\ankur\documents\visual studio 2013\projects\new folder\message\executiveclient\debug\vc120.pdb
c:\users\ankur\documents\visual studio 2013\projects\new folder\message\executiveclient\debug\vc120.idb
c:\users\ankur\documents\visual studio 2013\projects\new folder\message\executiveclient\debug\apphelpers.obj
c:\users\ankur\documents\visual studio 2013\projects\new folder\message\executiveclient\debug\dispatcher.obj
c:\users\ankur\documents\visual studio 2013\projects\new folder\message\executiveclient\debug\display.obj
c:\users\ankur\documents\visual studio 2013\projects\new folder\message\executiveclient\debug\filesystem.obj
c:\users\ankur\documents\visual studio 2013\projects\new folder\message\executiveclient\debug\message.obj
c:\users\ankur\documents\visual studio 2013\projects\new folder\message\executiveclient\debug\msgheader.obj
c:\users\ankur\documents\visual studio 2013\projects\new folder\message\executiveclient\debug\reciever.obj
c:\users\ankur\documents\visual studio 2013\projects\new folder\message\executiveclient\debug\sender.obj
c:\users\ankur\documents\visual studio 2013\projects\new folder\message\executiveclient\debug\sockets.obj
c:\users\ankur\documents\visual studio 2013\projects\new folder\message\executiveclient\debug\executiveclient.obj
c:\users\ankur\documents\visual studio 2013\projects\new folder\message\debug\executiveclient.ilk
c:\users\ankur\documents\visual studio 2013\projects\new folder\message\debug\executiveclient.exe
c:\users\ankur\documents\visual studio 2013\projects\new folder\message\debug\executiveclient.pdb
c:\users\ankur\documents\visual studio 2013\projects\new folder\message\executiveclient\debug\executiveclient.tlog\cl.command.1.tlog
c:\users\ankur\documents\visual studio 2013\projects\new folder\message\executiveclient\debug\executiveclient.tlog\cl.read.1.tlog
c:\users\ankur\documents\visual studio 2013\projects\new folder\message\executiveclient\debug\executiveclient.tlog\cl.write.1.tlog
c:\users\ankur\documents\visual studio 2013\projects\new folder\message\executiveclient\debug\executiveclient.tlog\link.command.1.tlog
c:\users\ankur\documents\visual studio 2013\projects\new folder\message\executiveclient\debug\executiveclient.tlog\link.read.1.tlog
c:\users\ankur\documents\visual studio 2013\projects\new folder\message\executiveclient\debug\executiveclient.tlog\link.write.1.tlog
